Task Name: CarPriceMapping
Agent Group Id: 025000000000002
Agent Group Name: Informatica Cloud Hosted Agent
Agent Id: 00800000000000E
09/17/2021 10:52:39 **** Importing Connection: Conn_01AT8X0B000000000002 ...
09/17/2021 10:52:39 **** Importing Source Definition: Cars ...
09/17/2021 10:52:39 **** Importing Target Definition: Max_Car_Prices ...
09/17/2021 10:52:39 **** Importing Target Definition: Min_Car_Prices ...
09/17/2021 10:52:39 **** Importing SessionConfig: default_session_config ...
    <Warning> :  The Error Log DB Connection value should have Relational: as the prefix.
    <Warning> :  Invalid value  for attribute Error Log DB Connection. Will use the default value 
    Validating Source Definition  Cars...
    Validating Target Definition  Min_Car_Prices...
    Validating Target Definition  Max_Car_Prices...
09/17/2021 10:52:39 **** Importing Mapping: Mapping0 ...
    <Warning> :  transformation: Cars_Data - Invalid value  for attribute Output is repeatable. Will use the default value Never    [transformation< Cars_Data > ] 
Validating transformations of mapping Mapping0...
Validating mapping variable(s).
09/17/2021 10:52:39 **** Importing Workflow: wf_mtt_01AT8X0Z000000000002 ...
    <Warning> :  The value entered is not a valid integer.
    <Warning> :  Invalid value NO for attribute Fail task after wait time. Will use the default value 
Successfully extracted session instance [s_mtt_01AT8X0Z000000000002].  Starting repository sequence id is [1645559518]
DIRECTOR> VAR_27085 [2021-09-17 10:52:39.371] Parameter file [/data2/home/cldagnt/SystemAgent/apps/Data_Integration_Server/data/01AT8X0E00000000005L/01AT8X/parameters/s_mtt_01AT8X0Z000000000002.param] is opened for [session [wf_mtt_01AT8X0Z000000000002.s_mtt_01AT8X0Z000000000002]].
DIRECTOR> VAR_27062 [2021-09-17 10:52:39.371] Warning! Cannot find section for worklet [wf_mtt_01AT8X0Z000000000002] and folder [] in parameter file [/data2/home/cldagnt/SystemAgent/apps/Data_Integration_Server/data/01AT8X0E00000000005L/01AT8X/parameters/s_mtt_01AT8X0Z000000000002.param].
DIRECTOR> VAR_27028 [2021-09-17 10:52:39.372] Use override value [s_mtt_01AT8X0Z000000000002_1_error.csv] for user-defined workflow/worklet variable:[$ErrorFileName].
DIRECTOR> VAR_27028 [2021-09-17 10:52:39.372] Use override value [1970-01-01] for user-defined workflow/worklet variable:[$LastRunDate].
DIRECTOR> VAR_27028 [2021-09-17 10:52:39.372] Use override value [1970-01-01 00:00:00] for user-defined workflow/worklet variable:[$LastRunTime].
DIRECTOR> VAR_27028 [2021-09-17 10:52:39.372] Use override value [s_mtt_01AT8X0Z000000000002_9_17_2021_10_52_success.csv] for user-defined workflow/worklet variable:[$SuccessFileName].
DIRECTOR> TM_6014 [2021-09-17 10:52:39.372] Initializing session [s_mtt_01AT8X0Z000000000002] at [Fri Sep 17 10:52:39 2021].
DIRECTOR> TM_6683 [2021-09-17 10:52:39.372] Repository Name: [XMLRepository]
DIRECTOR> TM_6684 [2021-09-17 10:52:39.372] Server Name: [rDTM]
DIRECTOR> TM_6686 [2021-09-17 10:52:39.372] Folder: []
DIRECTOR> TM_6685 [2021-09-17 10:52:39.372] Workflow: [wf_mtt_01AT8X0Z000000000002] Run Instance Name: [] Run Id: [0]
DIRECTOR> TM_6101 [2021-09-17 10:52:39.372] Mapping name: Mapping0.
DIRECTOR> TM_6964 [2021-09-17 10:52:39.372] Date format for the Session is [MM/DD/YYYY HH24:MI:SS.US]
DIRECTOR> TM_6703 [2021-09-17 10:52:39.376] Session [s_mtt_01AT8X0Z000000000002] is run by 64-bit Integration Service  [], version [9.1.0 HotFix1], build [0627].
MANAGER> PETL_24058 [2021-09-17 10:52:39.451] Running Partition Group [1].
MANAGER> PETL_24000 [2021-09-17 10:52:39.452] Parallel Pipeline Engine initializing.
MANAGER> PETL_24001 [2021-09-17 10:52:39.452] Parallel Pipeline Engine running.
MANAGER> PETL_24003 [2021-09-17 10:52:39.452] Initializing session run.
MAPPING> CMN_1569 [2021-09-17 10:52:39.455] Server Mode: [UNICODE]
MAPPING> CMN_1570 [2021-09-17 10:52:39.455] Server Code page: [ISO 8859-1 Western European]
MAPPING> TM_6151 [2021-09-17 10:52:39.455] The session sort order is [Binary].
MAPPING> TM_6185 [2021-09-17 10:52:39.455] Warning. Code page validation is disabled in this session.
MAPPING> CMN_65083 [2021-09-17 10:52:39.455] Current Timezone:[UTC +0:0]
MAPPING> CMN_65085 [2021-09-17 10:52:39.455] Current Process ID:[2186]
MAPPING> TM_6155 [2021-09-17 10:52:39.455] Using HIGH precision processing.
MAPPING> TM_6180 [2021-09-17 10:52:39.455] Deadlock retry logic will not be implemented.
MAPPING> TM_6187 [2021-09-17 10:52:39.455] Session target-based commit interval is [10000].
MAPPING> TM_6307 [2021-09-17 10:52:39.456] DTM error log disabled. 
MAPPING> TE_7022 [2021-09-17 10:52:39.456] TShmWriter: Initialized
MAPPING> DBG_21694 [2021-09-17 10:52:39.458] MaxPrice Partition [0]: Index cache size = [1000000], Data cache size = [2000000]
MAPPING> TE_7212 [2021-09-17 10:52:39.458] Increasing [Index Cache] size for transformation [MaxPrice] from [1000000] to [10549248].
MAPPING> TE_7212 [2021-09-17 10:52:39.458] Increasing [Data Cache] size for transformation [MaxPrice] from [2000000] to [2097608].
MAPPING> TE_7029 [2021-09-17 10:52:39.458] Aggregate Information: Creating New Index and Data Files
MAPPING> TE_7034 [2021-09-17 10:52:39.459] Aggregate Information: Index file is [/data2/home/cldagnt/SystemAgent/apps/Data_Integration_Server/data/01AT8X0E00000000005L/01AT8X/cache/PMAGG1645559558_5_0.idx]
MAPPING> TE_7035 [2021-09-17 10:52:39.459] Aggregate Information: Data file is [/data2/home/cldagnt/SystemAgent/apps/Data_Integration_Server/data/01AT8X0E00000000005L/01AT8X/cache/PMAGG1645559558_5_0.dat]
MAPPING> DBG_21694 [2021-09-17 10:52:39.459] MinPrice Partition [0]: Index cache size = [1000000], Data cache size = [2000000]
MAPPING> TE_7212 [2021-09-17 10:52:39.459] Increasing [Index Cache] size for transformation [MinPrice] from [1000000] to [10549248].
MAPPING> TE_7212 [2021-09-17 10:52:39.459] Increasing [Data Cache] size for transformation [MinPrice] from [2000000] to [2097608].
MAPPING> TE_7029 [2021-09-17 10:52:39.460] Aggregate Information: Creating New Index and Data Files
MAPPING> TE_7034 [2021-09-17 10:52:39.460] Aggregate Information: Index file is [/data2/home/cldagnt/SystemAgent/apps/Data_Integration_Server/data/01AT8X0E00000000005L/01AT8X/cache/PMAGG1645559558_6_0.idx]
MAPPING> TE_7035 [2021-09-17 10:52:39.460] Aggregate Information: Data file is [/data2/home/cldagnt/SystemAgent/apps/Data_Integration_Server/data/01AT8X0E00000000005L/01AT8X/cache/PMAGG1645559558_6_0.dat]
MAPPING> TM_6007 [2021-09-17 10:52:39.461] DTM initialized successfully for session [s_mtt_01AT8X0Z000000000002]
DIRECTOR> PETL_24033 [2021-09-17 10:52:39.482] All DTM Connection Info: [<NONE>].
MANAGER> PETL_24004 [2021-09-17 10:52:39.482] Starting pre-session tasks. : (Fri Sep 17 10:52:39 2021)
MANAGER> PETL_24027 [2021-09-17 10:52:39.484] Pre-session task completed successfully. : (Fri Sep 17 10:52:39 2021)
DIRECTOR> PETL_24006 [2021-09-17 10:52:39.484] Starting data movement.
MAPPING> TM_6660 [2021-09-17 10:52:39.484] Total Buffer Pool size is 15798240 bytes and Block size is 562080 bytes.
READER_1_1_1> DBG_21438 [2021-09-17 10:52:39.486] Reader: Source is [odbc://dbtype=MySQL;host=sql6.freemysqlhosting.net;port=3306;database=sql6437510], user [sql6437510]
READER_1_1_1> BLKR_16051 [2021-09-17 10:52:39.488] Source database connection [Conn_01AT8X0B000000000002] code page: [UTF-8 encoding of Unicode]
READER_1_1_1> CMN_1021 [2021-09-17 10:52:39.488] Database driver event...
CMN_1021 [Driver Manager used is [UnixODBC 2.3.4].]

READER_1_1_1> CMN_1021 [2021-09-17 10:52:41.142] Database driver event...
CMN_1021 [ODBC Event Using array fetches.
ODBC Event Using Single Row Inserts. connect string = [Driver=MySQL ODBC 8.0 Unicode Driver;Server=sql6.freemysqlhosting.net;Database=sql6437510;Port=3306;USER=sql6437510;NO_SSPS=1;stmt=set time_zone = '+00:00';Charset=UTF8;OPTION=3;SSLMODE=DISABLED]. userid = [sql6437510]
DBMS Name:	MySQL
DBMS Version:	5.5.62-0ubuntu0.14.04.1
Driver Name:	libmyodbc8w.so
Driver Version:	08.00.0012
MySQL rewrite batch optimization is disabled with maximum bind parameter size set to 2500.]

READER_1_1_1> BLKR_16003 [2021-09-17 10:52:41.142] Initialization completed successfully.
WRITER_1_*_1> WRT_8147 [2021-09-17 10:52:41.143] Writer: Target is database [odbc://dbtype=MySQL;host=sql6.freemysqlhosting.net;port=3306;database=sql6437510], user [sql6437510], bulk mode [OFF]
WRITER_1_*_1> CMN_1021 [2021-09-17 10:52:41.143] Database driver event...
CMN_1021 [Driver Manager used is [UnixODBC 2.3.4].]

WRITER_1_*_1> CMN_1021 [2021-09-17 10:52:42.650] Database driver event...
CMN_1021 [ODBC Event Using array fetches.
ODBC Event Using Single Row Inserts. connect string = [Driver=MySQL ODBC 8.0 Unicode Driver;Server=sql6.freemysqlhosting.net;Database=sql6437510;Port=3306;USER=sql6437510;NO_SSPS=1;stmt=set time_zone = '+00:00';Charset=UTF8;OPTION=3;SSLMODE=DISABLED]. userid = [sql6437510]
DBMS Name:	MySQL
DBMS Version:	5.5.62-0ubuntu0.14.04.1
Driver Name:	libmyodbc8w.so
Driver Version:	08.00.0012
MySQL rewrite batch optimization is disabled with maximum bind parameter size set to 2500.]

WRITER_1_*_1> WRT_8221 [2021-09-17 10:52:42.979] Target database connection [Conn_01AT8X0B000000000002] code page: [UTF-8 encoding of Unicode]
WRITER_1_*_1> WRT_8124 [2021-09-17 10:52:42.980] Target Table Max_Car_Prices :SQL INSERT statement:
INSERT INTO sql6437510.Max_Car_Prices(Car_ID,Car_Name,Car_Price)  VALUES ( ?, ?, ?) 
WRITER_1_*_1> WRT_8020 [2021-09-17 10:52:42.980] No column marked as primary key for table [Max_Car_Prices]. UPDATEs Not Supported.
WRITER_1_*_1> WRT_8147 [2021-09-17 10:52:42.980] Writer: Target is database [odbc://dbtype=MySQL;host=sql6.freemysqlhosting.net;port=3306;database=sql6437510], user [sql6437510], bulk mode [OFF]
WRITER_1_*_1> WRT_8124 [2021-09-17 10:52:42.981] Target Table Min_Car_Prices :SQL INSERT statement:
INSERT INTO sql6437510.Min_Car_Prices(Car_ID,Car_Name,Car_Price)  VALUES ( ?, ?, ?) 
WRITER_1_*_1> WRT_8020 [2021-09-17 10:52:42.981] No column marked as primary key for table [Min_Car_Prices]. UPDATEs Not Supported.
WRITER_1_*_1> WRT_8270 [2021-09-17 10:52:42.981] Target connection group #1 consists of target(s) [Max_Car_Prices, Min_Car_Prices]
WRITER_1_*_1> WRT_8003 [2021-09-17 10:52:42.981] Writer initialization complete.
READER_1_1_1> BLKR_16007 [2021-09-17 10:52:42.981] Reader run started.
WRITER_1_*_1> WRT_8005 [2021-09-17 10:52:42.981] Writer run started.
WRITER_1_*_1> WRT_8158 [2021-09-17 10:52:42.981] 

*****START LOAD SESSION*****

Load Start Time: Fri Sep 17 10:52:42 2021

Target tables:

     Max_Car_Prices
     Min_Car_Prices


READER_1_1_1> RR_4010 [2021-09-17 10:52:42.981] SQ instance [Cars_Data] SQL Query [SELECT sql6437510.Cars.Car_ID, sql6437510.Cars.Car_Name, sql6437510.Cars.Car_Country, sql6437510.Cars.Car_Price FROM sql6437510.Cars]
READER_1_1_1> RR_4049 [2021-09-17 10:52:42.981] SQL Query issued to database : (Fri Sep 17 10:52:42 2021)
READER_1_1_1> RR_4050 [2021-09-17 10:52:43.146] First row returned from database to reader : (Fri Sep 17 10:52:43 2021)
READER_1_1_1> BLKR_16019 [2021-09-17 10:52:43.147] Read [100] rows, read [0] error rows for source table [Cars] instance name [Cars]
READER_1_1_1> BLKR_16008 [2021-09-17 10:52:43.147] Reader run completed.
TRANSF_1_1_1> TE_7032 [2021-09-17 10:52:43.157] The B-Tree being managed in files
/data2/home/cldagnt/SystemAgent/apps/Data_Integration_Server/data/01AT8X0E00000000005L/01AT8X/cache/PMAGG1645559558_5_0.dat for Data and

/data2/home/cldagnt/SystemAgent/apps/Data_Integration_Server/data/01AT8X0E00000000005L/01AT8X/cache/PMAGG1645559558_5_0.idx for Index has:
	Index Size:	1535
	Row Size:	624
	Order:		100
	Minimum Order:	50
	Height:		1
	Entries:	21
	IndexPageSize:	155136
	IndexPages:	68
	DataPageSize:	632
	DataPages:	3319

WRITER_1_*_1> WRT_8167 [2021-09-17 10:52:43.157] Start loading table [Max_Car_Prices] at: Fri Sep 17 10:52:42 2021
TRANSF_1_1_1> TE_7032 [2021-09-17 10:52:43.157] The B-Tree being managed in files
/data2/home/cldagnt/SystemAgent/apps/Data_Integration_Server/data/01AT8X0E00000000005L/01AT8X/cache/PMAGG1645559558_6_0.dat for Data and

/data2/home/cldagnt/SystemAgent/apps/Data_Integration_Server/data/01AT8X0E00000000005L/01AT8X/cache/PMAGG1645559558_6_0.idx for Index has:
	Index Size:	1535
	Row Size:	624
	Order:		100
	Minimum Order:	50
	Height:		1
	Entries:	21
	IndexPageSize:	155136
	IndexPages:	68
	DataPageSize:	632
	DataPages:	3319

TRANSF_1_1_1> DBG_21216 [2021-09-17 10:52:43.157] Finished transformations for Source Qualifier [Cars_Data]. Total errors [0] 
WRITER_1_*_1> WRT_8167 [2021-09-17 10:52:46.610] Start loading table [Min_Car_Prices] at: Fri Sep 17 10:52:46 2021
WRITER_1_*_1> WRT_8168 [2021-09-17 10:52:50.074] End loading table [Max_Car_Prices] at: Fri Sep 17 10:52:49 2021
WRITER_1_*_1> WRT_8141 [2021-09-17 10:52:50.241] 
Commit on end-of-data  Fri Sep 17 10:52:49 2021
===================================================

WRT_8036 Target: Max_Car_Prices (Instance Name: [Max_Car_Prices])
WRT_8038 Inserted rows - Requested: 21         Applied: 21         Rejected: 0          Affected: 21        

WRT_8036 Target: Min_Car_Prices (Instance Name: [Min_Car_Prices])
WRT_8038 Inserted rows - Requested: 21         Applied: 21         Rejected: 0          Affected: 21        

WRITER_1_*_1> WRT_8168 [2021-09-17 10:52:50.241] End loading table [Min_Car_Prices] at: Fri Sep 17 10:52:49 2021
WRITER_1_*_1> WRT_8035 [2021-09-17 10:52:50.241] Load complete time: Fri Sep 17 10:52:49 2021

LOAD SUMMARY
============

WRT_8036 Target: Max_Car_Prices (Instance Name: [Max_Car_Prices])
WRT_8038 Inserted rows - Requested: 21         Applied: 21         Rejected: 0          Affected: 21        

WRT_8036 Target: Min_Car_Prices (Instance Name: [Min_Car_Prices])
WRT_8038 Inserted rows - Requested: 21         Applied: 21         Rejected: 0          Affected: 21        


WRITER_1_*_1> WRT_8043 [2021-09-17 10:52:50.242] *****END LOAD SESSION*****
WRITER_1_*_1> WRT_8006 [2021-09-17 10:52:50.411] Writer run completed.
MANAGER> PETL_24031 [2021-09-17 10:52:50.411] 
***** RUN INFO FOR TGT LOAD ORDER GROUP [1], CONCURRENT SET [1] *****
Thread [READER_1_1_1] created for [the read stage] of partition point [Cars_Data] has completed. The total run time was insufficient for any meaningful statistics.
Thread [TRANSF_1_1_1] created for [the transformation stage] of partition point [Cars_Data] has completed. The total run time was insufficient for any meaningful statistics.
Thread [WRITER_1_*_1] created for [the write stage] of partition point [Max_Car_Prices, Min_Car_Prices] has completed.
	Total Run Time = [7.254136] secs
	Total Idle Time = [0.000000] secs
	Busy Percentage = [100.000000]

MAPPING> CMN_1791 [2021-09-17 10:52:50.412] The index cache size that would hold [21] aggregate groups of input rows for [MaxPrice], in memory, is [155136] bytes
MAPPING> CMN_1790 [2021-09-17 10:52:50.412] The data cache size that would hold [21] aggregate groups of input rows for [MaxPrice], in memory, is [13272] bytes
MAPPING> CMN_1791 [2021-09-17 10:52:50.412] The index cache size that would hold [21] aggregate groups of input rows for [MinPrice], in memory, is [155136] bytes
MAPPING> CMN_1790 [2021-09-17 10:52:50.412] The data cache size that would hold [21] aggregate groups of input rows for [MinPrice], in memory, is [13272] bytes
MANAGER> PETL_24005 [2021-09-17 10:52:50.412] Starting post-session tasks. : (Fri Sep 17 10:52:50 2021)
MANAGER> PETL_24029 [2021-09-17 10:52:50.413] Post-session task completed successfully. : (Fri Sep 17 10:52:50 2021)
MAPPING> TM_6018 [2021-09-17 10:52:50.413] The session completed with [0] row transformation errors. 
MANAGER> TE_7216 [2021-09-17 10:52:50.414] Deleting cache files [/data2/home/cldagnt/SystemAgent/apps/Data_Integration_Server/data/01AT8X0E00000000005L/01AT8X/cache/PMAGG1645559558_5_0.idx] for transformation [MaxPrice].
MANAGER> TE_7216 [2021-09-17 10:52:50.414] Deleting cache files [/data2/home/cldagnt/SystemAgent/apps/Data_Integration_Server/data/01AT8X0E00000000005L/01AT8X/cache/PMAGG1645559558_5_0.dat] for transformation [MaxPrice].
MANAGER> TE_7216 [2021-09-17 10:52:50.414] Deleting cache files [/data2/home/cldagnt/SystemAgent/apps/Data_Integration_Server/data/01AT8X0E00000000005L/01AT8X/cache/PMAGG1645559558_6_0.idx] for transformation [MinPrice].
MANAGER> TE_7216 [2021-09-17 10:52:50.414] Deleting cache files [/data2/home/cldagnt/SystemAgent/apps/Data_Integration_Server/data/01AT8X0E00000000005L/01AT8X/cache/PMAGG1645559558_6_0.dat] for transformation [MinPrice].
MANAGER> PETL_24002 [2021-09-17 10:52:50.467] Parallel Pipeline Engine finished.
DIRECTOR> PETL_24012 [2021-09-17 10:52:50.468] Session run completed successfully.
DIRECTOR> TM_6022 [2021-09-17 10:52:50.468] 

SESSION LOAD SUMMARY
================================================

DIRECTOR> TM_6252 [2021-09-17 10:52:50.468] Source Load Summary.
DIRECTOR> CMN_1740 [2021-09-17 10:52:50.468] Table: [Cars_Data] (Instance Name: [Cars_Data])
	 Output Rows [100], Affected Rows [100], Applied Rows [100], Rejected Rows [0]
DIRECTOR> TM_6253 [2021-09-17 10:52:50.468] Target Load Summary.
DIRECTOR> CMN_1740 [2021-09-17 10:52:50.468] Table: [Max_Car_Prices] (Instance Name: [Max_Car_Prices])
	 Output Rows [21], Affected Rows [21], Applied Rows [21], Rejected Rows [0]
DIRECTOR> CMN_1740 [2021-09-17 10:52:50.468] Table: [Min_Car_Prices] (Instance Name: [Min_Car_Prices])
	 Output Rows [21], Affected Rows [21], Applied Rows [21], Rejected Rows [0]
DIRECTOR> TM_6023 [2021-09-17 10:52:50.468] 
===================================================

DIRECTOR> TM_6020 [2021-09-17 10:52:50.468] Session [s_mtt_01AT8X0Z000000000002] completed at [Fri Sep 17 10:52:50 2021].
